2022-02-15 15:28:53 ERROR MapDParser:parseSql:926 - failed to parse SQL 'CREATE FOREIGN TABLE test_table (test_column_1 TEXT ENCODING DAYS) SERVER test_server' 
org.apache.calcite.sql.parser.SqlParseException: Encountered ")" at line 1, column 66.
Was expecting:
    "(" ...
    
2022-02-15 15:28:53 ERROR CalciteServerHandler:process:232 - SQL Error: Encountered ")" at line 1, column 66.
Was expecting:
    "(" ...
    
2022-02-15 15:28:53 ERROR MapDParser:parseSql:926 - failed to parse SQL 'CREATE FOREIGN TABLE test_table (test_column_1 TEXT ENCODING FIXED) SERVER test_server' 
org.apache.calcite.sql.parser.SqlParseException: Encountered ")" at line 1, column 67.
Was expecting:
    "(" ...
    
2022-02-15 15:28:53 ERROR CalciteServerHandler:process:232 - SQL Error: Encountered ")" at line 1, column 67.
Was expecting:
    "(" ...
    
2022-02-15 15:28:53 ERROR MapDParser:parseSql:926 - failed to parse SQL 'CREATE FOREIGN TABLE test_table (test_column_1 DECIMAL(10, 6)(11,5)) SERVER test_server' 
org.apache.calcite.sql.parser.SqlParseException: Encountered "(" at line 1, column 62.
Was expecting one of:
    "ARRAY" ...
    "ENCODING" ...
    "MULTISET" ...
    "NOT" ...
    "WITH" ...
    ")" ...
    "[" ...
    "," ...
    
2022-02-15 15:28:53 ERROR CalciteServerHandler:process:232 - SQL Error: Encountered "(" at line 1, column 62.
Was expecting one of:
    "ARRAY" ...
    "ENCODING" ...
    "MULTISET" ...
    "NOT" ...
    "WITH" ...
    ")" ...
    "[" ...
    "," ...
    
2022-02-15 15:28:53 ERROR MapDParser:parseSql:926 - failed to parse SQL 'CREATE FOREIGN TABLE test_table (test_column_1 TEXT ENCODING NONE(1)) SERVER test_server' 
org.apache.calcite.sql.parser.SqlParseException: Encountered "(" at line 1, column 66.
Was expecting one of:
    "WITH" ...
    ")" ...
    "," ...
    
2022-02-15 15:28:53 ERROR CalciteServerHandler:process:232 - SQL Error: Encountered "(" at line 1, column 66.
Was expecting one of:
    "WITH" ...
    ")" ...
    "," ...
    
2022-02-15 15:28:53 ERROR MapDParser:parseSql:926 - failed to parse SQL 'CREATE USER MAPPING FOR test_user SERVER test_server WITH ()' 
org.apache.calcite.sql.parser.SqlParseException: Encountered ")" at line 1, column 60.
Was expecting one of:
    <BRACKET_QUOTED_IDENTIFIER> ...
    <QUOTED_IDENTIFIER> ...
    <BACK_QUOTED_IDENTIFIER> ...
    <IDENTIFIER> ...
    <UNICODE_QUOTED_IDENTIFIER> ...
    
2022-02-15 15:28:53 ERROR CalciteServerHandler:process:232 - SQL Error: Encountered ")" at line 1, column 60.
Was expecting one of:
    <BRACKET_QUOTED_IDENTIFIER> ...
    <QUOTED_IDENTIFIER> ...
    <BACK_QUOTED_IDENTIFIER> ...
    <IDENTIFIER> ...
    <UNICODE_QUOTED_IDENTIFIER> ...
    
2022-02-15 15:28:53 ERROR MapDParser:parseSql:926 - failed to parse SQL 'CREATE USER MAPPING FOR test_user SERVER test_server' 
org.apache.calcite.sql.parser.SqlParseException: Encountered "<EOF>" at line 1, column 52.
Was expecting one of:
    "WITH" ...
    "." ...
    
2022-02-15 15:28:53 ERROR CalciteServerHandler:process:232 - SQL Error: Encountered "<EOF>" at line 1, column 52.
Was expecting one of:
    "WITH" ...
    "." ...
    
